<?xml version="1.0" encoding="utf-8"?><testsuites><testsuite name="pytest" errors="0" failures="0" skipped="0" tests="5" time="2.137" timestamp="2021-10-23T15:04:08.256287" hostname="gordiienko-mbp"><testcase classname="weather_api_test" name="test_status_code_200" time="0.373" /><testcase classname="weather_api_test" name="test_header_if_application_json" time="0.339" /><testcase classname="weather_api_test" name="test_by_city_name" time="0.346" /><testcase classname="weather_api_test" name="test_by_lat_lon" time="0.355" /><testcase classname="weather_api_test" name="test_by_zip_code" time="0.572" /></testsuite></testsuites>