<?xml version="1.0" encoding="utf-8"?><testsuites><testsuite name="pytest" errors="0" failures="0" skipped="0" tests="4" time="1.538" timestamp="2021-10-23T08:27:48.323824" hostname="gordiienko-mbp"><testcase classname="weather_api_test" name="test_status_code_200" time="0.379" /><testcase classname="weather_api_test" name="test_by_city_name" time="0.339" /><testcase classname="weather_api_test" name="test_by_lat_lon" time="0.342" /><testcase classname="weather_api_test" name="test_by_zip_code" time="0.343" /></testsuite></testsuites>